"../../../Engine/Content/EditorResources/S_Actor.uasset" 0
"../../../Engine/Content/EngineResources/AICON-Red.uasset" 1
"../../../Engine/Content/EngineResources/AICON-Green.uasset" 2
"../../../Engine/Content/EngineFonts/Roboto.uasset" 3
"../../../Engine/Content/Functions/Engine_MaterialFunctions01/Shading/PowerToRoughness.uasset" 4
"../../../Engine/Content/Functions/Engine_MaterialFunctions01/Shading/ConvertFromDiffSpec.uasset" 5
"../../../Engine/Content/EngineMaterials/DefaultDiffuse.uasset" 6
"../../../Engine/Content/EngineMaterials/DefaultDeferredDecalMaterial.uasset" 7
"../../../Engine/Content/EngineMaterials/DefaultLightFunctionMaterial.uasset" 8
"../../../Engine/Content/Functions/Engine_MaterialFunctions02/Utility/BreakOutFloat2Components.uasset" 9
"../../../Engine/Content/EngineMaterials/DefaultPostProcessMaterial.uasset" 10
"../../../Engine/Content/EngineResources/DefaultTexture.uasset" 11
"../../../Engine/Content/Functions/Engine_MaterialFunctions01/Texturing/ScaleUVsByCenter.uasset" 12
"../../../Engine/Content/Functions/Engine_MaterialFunctions02/ScreenResolution.uasset" 13
"../../../Engine/Content/Functions/Engine_MaterialFunctions02/Texturing/ScreenAlignedUVs.uasset" 14
"../../../Engine/Content/EngineResources/WhiteSquareTexture.uasset" 15
"../../../Engine/Content/EngineMaterials/Widget3DPassThrough.uasset" 16
"../../../Engine/Content/EngineMaterials/Widget3DPassThrough_Translucent.uasset" 17
"../../../Engine/Content/EngineMaterials/Widget3DPassThrough_Translucent_OneSided.uasset" 18
"../../../Engine/Content/EngineMaterials/Widget3DPassThrough_Opaque.uasset" 19
"../../../Engine/Content/EngineMaterials/Widget3DPassThrough_Opaque_OneSided.uasset" 20
"../../../Engine/Content/EngineMaterials/Widget3DPassThrough_Masked.uasset" 21
"../../../Engine/Content/EngineMaterials/Widget3DPassThrough_Masked_OneSided.uasset" 22
"../../../Engine/Content/Maps/Templates/Thumbnails/Default.uasset" 23
"../../../Engine/Content/Maps/Templates/Thumbnails/VR-Basic.uasset" 24
"../../../Engine/Content/EditorMaterials/ParticleSystems/PSysThumbnail_NoImage.uasset" 25
"../../../Engine/Content/EditorMaterials/ParticleSystems/PSysThumbnail_OOD.uasset" 26
"../../../Engine/Content/EditorLandscapeResources/DataLayer.uasset" 27
"../../../Engine/Content/EngineDamageTypes/DmgTypeBP_Environmental.uasset" 28
"../../../Engine/Content/EngineMeshes/Sphere.uasset" 29
"../../../Engine/Content/EngineFonts/RobotoDistanceField.uasset" 30
"../../../Engine/Content/EngineMaterials/DefaultTextMaterialOpaque.uasset" 31
"../../../Engine/Content/EditorResources/S_Trigger.uasset" 32
"../../../Engine/Content/EngineResources/GradientTexture0.uasset" 33
"../../../Engine/Content/EngineResources/Black.uasset" 34
"../../../Engine/Content/EditorMaterials/MatineeGroups/MAT_Groups_Float.uasset" 35
"../../../Engine/Content/EditorMaterials/MatineeGroups/MAT_Groups_Director.uasset" 36
"../../../Engine/Content/EditorMaterials/MatineeGroups/MAT_Groups_Event.uasset" 37
"../../../Engine/Content/EditorMaterials/MatineeGroups/MAT_Groups_Anim.uasset" 38
"../../../Engine/Content/EditorMaterials/MatineeGroups/MAT_Groups_Fade.uasset" 39
"../../../Engine/Content/EditorMaterials/MatineeGroups/MAT_Groups_Move.uasset" 40
"../../../Engine/Content/EditorMaterials/MatineeGroups/MAT_Groups_Slomo.uasset" 41
"../../../Engine/Content/EditorMaterials/MatineeGroups/MAT_ColorTrack.uasset" 42
"../../../Engine/Content/EditorMaterials/MAT_Groups_Toggle.uasset" 43
"../../../Engine/Content/EditorMaterials/MatineeGroups/MAT_Groups_AudioMaster.uasset" 44
"../../../Engine/Content/EditorMaterials/MatineeGroups/MAT_Groups_Sound.uasset" 45
"../../../Engine/Content/EditorMaterials/MatineeGroups/MAT_Groups_Vector.uasset" 46
"../../../Engine/Content/EditorMaterials/MAT_Groups_Visibility.uasset" 47
"../../../Engine/Content/EngineResources/DefaultTextureCube.uasset" 48
"../../../Engine/Content/Functions/Engine_MaterialFunctions01/Opacity/CameraDepthFade.uasset" 49
"../../../Engine/Content/EngineMaterials/T_Default_Material_Grid_M.uasset" 50
"../../../Engine/Content/EngineMaterials/T_Default_Material_Grid_N.uasset" 51
"../../../Engine/Content/EngineMaterials/DefaultMaterial.uasset" 52
"../../../Engine/Content/EngineMeshes/Cylinder.uasset" 53
"../../../Engine/Content/EngineTireTypes/DefaultTireType.uasset" 54
"../../../Engine/Content/EditorMaterials/Camera/CineMat.uasset" 55
"../../../Engine/Content/EditorMaterials/Camera/MI_CineMat_Rig.uasset" 56
"../../../Engine/Content/EditorMeshes/Camera/SM_CraneRig_Base.uasset" 57
"../../../Engine/Content/EditorMeshes/Camera/SM_CraneRig_Arm.uasset" 58
"../../../Engine/Content/EditorMeshes/Camera/SM_CraneRig_Mount.uasset" 59
"../../../Engine/Content/EditorMeshes/Camera/SM_CraneRig_Body.uasset" 60
"../../../Engine/Content/EditorMeshes/Camera/SM_RailRig_Track.uasset" 61
"../../../Engine/Content/EditorMeshes/Camera/SM_RailRig_Mount.uasset" 62
"../../../Engine/Content/VREditor/LaserPointer/VR_LaserPower_01.uasset" 63
"../../../Engine/Content/VREditor/TransformGizmo/TransformGizmoMaterial.uasset" 64
"../../../Engine/Content/VREditor/TransformGizmo/TranslucentTransformGizmoMaterial.uasset" 65
"../../../Engine/Content/VREditor/TransformGizmo/TranslationHandle.uasset" 66
"../../../Engine/Content/VREditor/TransformGizmo/PlaneTranslationHandle.uasset" 67
"../../../Engine/Content/VREditor/TransformGizmo/RotationHandle.uasset" 68
"../../../Engine/Content/VREditor/TransformGizmo/StretchingHandle.uasset" 69
"../../../Engine/Content/VREditor/TransformGizmo/BoundingBoxCorner.uasset" 70
"../../../Engine/Content/VREditor/TransformGizmo/BoundingBoxEdge.uasset" 71
"../../../Engine/Content/VREditor/TransformGizmo/UniformScaleHandle.uasset" 72
"../../../Engine/Content/VREditor/FloatingText/LineMaterial.uasset" 73
"../../../Engine/Content/VREditor/FloatingText/LineSegmentCylinder.uasset" 74
"../../../Engine/Content/VREditor/FloatingText/JointSphere.uasset" 75
"../../../Engine/Content/VREditor/Fonts/VRText_RobotoLarge.uasset" 76
"../../../Engine/Content/VREditor/Fonts/VRTextMaterial.uasset" 77
"../../../Engine/Content/VREditor/Fonts/TranslucentVRTextMaterial.uasset" 78
"../../../Engine/Content/VREditor/UI/SelectionBarMesh.uasset" 79
"../../../Engine/Content/VREditor/UI/CloseButtonMesh.uasset" 80
"../../../Engine/Content/Tutorial/ContentIntroCurve.uasset" 81
"../../../Engine/Plugins/2D/Paper2D/Content/PlaceholderTextures/DummySpriteTexture.uasset" 82
"../../../Engine/Plugins/2D/Paper2D/Content/DefaultSpriteMaterial.uasset" 83
"../../../Engine/Plugins/2D/Paper2D/Content/MaskedUnlitSpriteMaterial.uasset" 84
"../../../Engine/Plugins/2D/Paper2D/Content/OpaqueUnlitSpriteMaterial.uasset" 85
"../../../Engine/Plugins/2D/Paper2D/Content/DummySprite.uasset" 86
"../../../Engine/Plugins/2D/Paper2D/Content/DefaultPaperTerrainMaterial.uasset" 87
"../../../Engine/Content/EngineMaterials/RemoveSurfaceMaterial.uasset" 88
"../../../Engine/Content/EngineDebugMaterials/DebugMeshMaterial.uasset" 89
"../../../Engine/Content/EngineMaterials/InvalidLightmapSettings.uasset" 90
"../../../Engine/Content/EngineMaterials/M_InvalidLightmapSettings.uasset" 91
"../../../Engine/Content/EditorMaterials/GizmoMaterial.uasset" 92
"../../../Engine/Content/EngineMaterials/Good64x64TilingNoiseHighFreq.uasset" 93
"../../../Engine/Content/EngineMaterials/DefaultBokeh.uasset" 94
"../../../Engine/Content/EngineMaterials/PreintegratedSkinBRDF.uasset" 95
"../../../Engine/Content/EngineMaterials/MiniFont.uasset" 96
"../../../Engine/Content/EngineMaterials/WeightMapPlaceholderTexture.uasset" 97
"../../../Engine/Content/EngineMaterials/DefaultWhiteGrid.uasset" 98
"../../../Engine/Content/EngineMaterials/DefaultPhysicalMaterial.uasset" 99
"../../../Engine/Content/EngineFonts/RobotoTiny.uasset" 100
"../../../Engine/Content/EditorSounds/Notifications/CompileSuccess.uasset" 101
"../../../Engine/Content/EditorSounds/Notifications/CompileStart_Cue.uasset" 102
"../../../Engine/Content/EditorSounds/Notifications/CompileSuccess_Cue.uasset" 103
"../../../Engine/Content/EditorSounds/Notifications/CompileFailed.uasset" 104
"../../../Engine/Content/EditorSounds/Notifications/CompileFailed_Cue.uasset" 105
"../../../Engine/Content/MobileResources/HUD/MobileHUDDirectionPad3.uasset" 106
"../../../Engine/Content/EditorResources/AudioIcons/S_AudioComponent_AutoActivate.uasset" 107
"../../../Engine/Content/MobileResources/HUD/MobileHUDDirectionStick.uasset" 108
"../../../SurvivalHorror/Content/StarterContent/Materials/M_Basic_Wall.uasset" 109
"../../../SurvivalHorror/Content/StarterContent/Shapes/Shape_WideCapsule.uasset" 110
"../../../Engine/Content/EditorResources/LightIcons/S_LightError.uasset" 111
"../../../Engine/Content/EditorResources/EmptyActor.uasset" 112
"../../../Engine/Content/MobileResources/HUD/T_Castle_ThumbstickInner.uasset" 113
"../../../SurvivalHorror/Content/StarterContent/Shapes/Shape_Wedge_B.uasset" 114
"../../../Engine/Content/MobileResources/HUD/MobileHUDButton1_off.uasset" 115
"../../../Engine/Content/MobileResources/HUD/MobileHUDDirectionPad2.uasset" 116
"../../../Engine/Content/MobileResources/HUD/MobileHUDButton3.uasset" 117
"../../../Engine/Content/MobileResources/HUD/MobileHUDButton2_on.uasset" 118
"../../../Engine/Content/MobileResources/HUD/T_Castle_ThumbstickOutter.uasset" 119
"../../../SurvivalHorror/Content/StarterContent/Shapes/Shape_Wedge_A.uasset" 120
"../../../SurvivalHorror/Content/ThirdPersonBP/Blueprints/HUDAssets/hunger_bar_normal.uasset" 121
"../../../Engine/Content/MobileResources/T_MobileControls_texture.uasset" 122
"../../../Engine/Content/MobileResources/HUD/MobileHUDButton2_off.uasset" 123
"../../../Engine/Content/MobileResources/T_MobileMenu2.uasset" 124
"../../../Engine/Content/MobileResources/HUD/VirtualJoystick_Background.uasset" 125
"../../../Engine/Content/MobileResources/HUD/VirtualJoystick_Thumb.uasset" 126
"../../../Engine/Content/MobileResources/HUD/LeftVirtualJoystickOnly.uasset" 127
"../../../Engine/Content/MobileResources/HUD/MobileHUDButton1_on.uasset" 128
"../../../SurvivalHorror/Content/StarterContent/Textures/T_Bush_D.uasset" 129
"../../../SurvivalHorror/Content/StarterContent/Textures/T_Bush_N.uasset" 130
"../../../SurvivalHorror/Content/StarterContent/Props/Materials/M_Bush.uasset" 131
"../../../SurvivalHorror/Content/StarterContent/Props/SM_Bush.uasset" 132
"../../../SurvivalHorror/Content/StarterContent/Textures/T_Chair_M.uasset" 133
"../../../SurvivalHorror/Content/StarterContent/Textures/T_Chair_N.uasset" 134
"../../../SurvivalHorror/Content/StarterContent/Props/Materials/M_Chair.uasset" 135
"../../../SurvivalHorror/Content/StarterContent/Props/SM_Couch.uasset" 136
"../../../SurvivalHorror/Content/StarterContent/Materials/M_Glass.uasset" 137
"../../../SurvivalHorror/Content/StarterContent/Textures/T_Door_M.uasset" 138
"../../../SurvivalHorror/Content/StarterContent/Textures/T_Door_N.uasset" 139
"../../../SurvivalHorror/Content/StarterContent/Props/Materials/M_Door.uasset" 140
"../../../SurvivalHorror/Content/StarterContent/Props/SM_Door.uasset" 141
"../../../SurvivalHorror/Content/StarterContent/Props/Materials/M_MaterialSphere.uasset" 142
"../../../SurvivalHorror/Content/StarterContent/Props/Materials/M_MaterialSphere_Plain.uasset" 143
"../../../SurvivalHorror/Content/StarterContent/Props/SM_MatPreviewMesh_02.uasset" 144
"../../../Engine/Content/Functions/Engine_MaterialFunctions02/Utility/BlendAngleCorrectedNormals.uasset" 145
"../../../SurvivalHorror/Content/StarterContent/Textures/T_Detail_Rocky_N.uasset" 146
"../../../SurvivalHorror/Content/StarterContent/Textures/T_Rock_Basalt_D.uasset" 147
"../../../SurvivalHorror/Content/StarterContent/Textures/T_RockMesh_M.uasset" 148
"../../../SurvivalHorror/Content/StarterContent/Textures/T_RockMesh_N.uasset" 149
"../../../SurvivalHorror/Content/StarterContent/Props/Materials/M_Rock.uasset" 150
"../../../SurvivalHorror/Content/StarterContent/Props/SM_Rock.uasset" 151
"../../../SurvivalHorror/Content/StarterContent/Textures/T_Shelf_M.uasset" 152
"../../../SurvivalHorror/Content/StarterContent/Textures/T_Shelf_N.uasset" 153
"../../../SurvivalHorror/Content/StarterContent/Props/Materials/M_Shelf.uasset" 154
"../../../SurvivalHorror/Content/StarterContent/Props/SM_Shelf.uasset" 155
"../../../SurvivalHorror/Content/StarterContent/Materials/M_Basic_Floor.uasset" 156
"../../../SurvivalHorror/Content/StarterContent/Props/SM_Stairs.uasset" 157
"../../../Engine/Content/EditorResources/AudioIcons/S_AudioComponent.uasset" 158
"../../../Engine/Content/MobileResources/HUD/MobileHUDButtonFire.uasset" 159
"../../../Engine/Content/MobileResources/HUD/MobileHUDDirectionPad.uasset" 160
"../../../Engine/Content/BasicShapes/Cone.uasset" 161
"../../../Engine/Content/BasicShapes/Cylinder.uasset" 162
"../../../Engine/Content/BasicShapes/Sphere.uasset" 163
"../../../Engine/Content/EditorMaterials/PhAT_JointLimitMaterial.uasset" 164
"../../../Engine/Content/EditorMaterials/PreviewShadowIndicator.uasset" 165
"../../../Engine/Content/EditorMaterials/PreviewShadowIndicatorMaterial.uasset" 166
"../../../Engine/Content/EditorResources/BSPVertex.uasset" 167
"../../../Engine/Content/EngineDebugMaterials/HeatmapGradient.uasset" 168
"../../../Engine/Content/EngineDebugMaterials/BoneWeightMaterial.uasset" 169
"../../../Engine/Content/EngineDebugMaterials/GeomMaterial.uasset" 170
"../../../Engine/Content/EngineMaterials/EditorBrushMaterial.uasset" 171
"../../../Engine/Content/EngineMeshes/Cube.uasset" 172
"../../../Engine/Content/MobileResources/HUD/AnalogHat.uasset" 173
"../../../Engine/Content/MobileResources/HUD/DefaultVirtualJoysticks.uasset" 174
"../../../Engine/Content/Tutorial/Basics/TutorialAssets/icon_tab_Levels_40x.uasset" 175
"../../../Engine/Content/Tutorial/BlueprintTutorials/TutorialAssets/BlueprintInterface_64x.uasset" 176
"../../../Engine/Content/Tutorial/BlueprintTutorials/TutorialAssets/BlueprintMacroLibrary_64x.uasset" 177
"../../../Engine/Content/Tutorial/BlueprintTutorials/TutorialAssets/Blueprint_64x.uasset" 178
"../../../Engine/Content/Tutorial/BlueprintTutorials/TutorialAssets/Tutorial_BP_Interface.uasset" 179
"../../../Engine/Content/Tutorial/Foliage/TutorialAssets/Foliage.uasset" 180
"../../../Engine/Content/Tutorial/Landscape/TutorialAssets/Landscape.uasset" 181
"../../../Engine/Content/Tutorial/Paper2D/TutorialAssets/Paper2DFlipbook_TutorialIcon.uasset" 182
"../../../Engine/Content/Tutorial/Paper2D/TutorialAssets/Paper2DSprite_TutorialIcon.uasset" 183
"../../../Engine/Content/Tutorial/SubEditors/TutorialAssets/icon_Editor_Preferences_General_40x.uasset" 184
"../../../Engine/Content/Tutorial/SubEditors/TutorialAssets/icon_ShowSkeletalMeshes_40x.uasset" 185
"../../../Engine/Content/Tutorial/SubEditors/TutorialAssets/TutorialMaterial.uasset" 186
"../../../Engine/Content/Tutorial/SubEditors/TutorialAssets/T_SmokeSubUV_8X8.uasset" 187
"../../../Engine/Content/Tutorial/SubEditors/TutorialAssets/T_soft_smoke.uasset" 188
"../../../Engine/Content/Tutorial/SubEditors/TutorialAssets/M_smoke_subUV_blackbody.uasset" 189
"../../../Engine/Content/Tutorial/SubEditors/TutorialAssets/TutorialParticleSystem.uasset" 190
"../../../Engine/Content/EngineMaterials/WorldGridMaterial.uasset" 191
"../../../Engine/Content/EditorMeshes/EditorCube.uasset" 192
"../../../Engine/Content/Tutorial/SubEditors/TutorialAssets/Tutorial_DM.uasset" 193
"../../../SurvivalHorror/Content/Mannequin/Character/Mesh/UE4_Mannequin_Skeleton.uasset" 194
"../../../SurvivalHorror/Content/Mannequin/Animations/ThirdPersonJump_End.uasset" 195
"../../../SurvivalHorror/Content/StarterContent/Architecture/Pillar_50x500.uasset" 196
"../../../SurvivalHorror/Content/StarterContent/Architecture/Wall_400x300.uasset" 197
"../../../SurvivalHorror/Content/StarterContent/Architecture/Wall_400x400.uasset" 198
"../../../SurvivalHorror/Content/StarterContent/Architecture/Wall_500x500.uasset" 199
"../../../SurvivalHorror/Content/StarterContent/Architecture/Wall_Door_400x400.uasset" 200
"../../../SurvivalHorror/Content/StarterContent/Architecture/Wall_Window_400x400.uasset" 201
"../../../SurvivalHorror/Content/StarterContent/Audio/Light01_Cue.uasset" 202
"../../../SurvivalHorror/Content/StarterContent/Audio/Light02_Cue.uasset" 203
"../../../SurvivalHorror/Content/StarterContent/Audio/Explosion_Cue.uasset" 204
"../../../SurvivalHorror/Content/StarterContent/Textures/T_Burst_M.uasset" 205
"../../../SurvivalHorror/Content/StarterContent/Particles/Materials/M_Burst.uasset" 206
"../../../SurvivalHorror/Content/StarterContent/Textures/T_Explosion_SubUV.uasset" 207
"../../../SurvivalHorror/Content/StarterContent/Particles/Materials/M_explosion_subUV.uasset" 208
"../../../SurvivalHorror/Content/StarterContent/Particles/Materials/m_flare_01.uasset" 209
"../../../Engine/Content/Functions/Engine_MaterialFunctions01/Gradient/RadialGradient.uasset" 210
"../../../SurvivalHorror/Content/StarterContent/Particles/Materials/M_radial_ramp.uasset" 211
"../../../SurvivalHorror/Content/StarterContent/Textures/T_Smoke_SubUV.uasset" 212
"../../../SurvivalHorror/Content/StarterContent/Textures/T_Smoke_Tiled_D.uasset" 213
"../../../SurvivalHorror/Content/StarterContent/Particles/Materials/M_smoke_subUV.uasset" 214
"../../../SurvivalHorror/Content/StarterContent/Particles/P_Explosion.uasset" 215
"../../../SurvivalHorror/Content/StarterContent/Blueprints/Blueprint_Effect_Explosion.uasset" 216
"../../../Engine/Content/EditorMeshes/ColorCalibrator/T_ColorGrid.uasset" 217
"../../../SurvivalHorror/Content/StarterContent/Materials/M_ColorGrid_LowSpec.uasset" 218
"../../../SurvivalHorror/Content/StarterContent/Shapes/Shape_Cone.uasset" 219
"../../../SurvivalHorror/Content/StarterContent/Shapes/Shape_Cylinder.uasset" 220
"../../../SurvivalHorror/Content/StarterContent/Shapes/Shape_NarrowCapsule.uasset" 221
"../../../SurvivalHorror/Content/StarterContent/Shapes/Shape_Pipe.uasset" 222
"../../../SurvivalHorror/Content/StarterContent/Shapes/Shape_Pipe_180.uasset" 223
"../../../SurvivalHorror/Content/StarterContent/Shapes/Shape_Pipe_90.uasset" 224
"../../../SurvivalHorror/Content/StarterContent/Shapes/Shape_Plane.uasset" 225
"../../../SurvivalHorror/Content/StarterContent/Shapes/Shape_Torus.uasset" 226
"../../../SurvivalHorror/Content/StarterContent/Shapes/Shape_Trim.uasset" 227
"../../../SurvivalHorror/Content/StarterContent/Shapes/Shape_Trim_90_In.uasset" 228
"../../../SurvivalHorror/Content/StarterContent/Shapes/Shape_Trim_90_Out.uasset" 229
"../../../SurvivalHorror/Content/StarterContent/Shapes/Shape_TriPyramid.uasset" 230
"../../../SurvivalHorror/Content/StarterContent/Shapes/Shape_Tube.uasset" 231
"../../../SurvivalHorror/Content/ThirdPersonBP/Blueprints/beep_warnung.uasset" 232
"../../../SurvivalHorror/Content/Mannequin/Animations/ThirdPerson_Jump.uasset" 233
"../../../SurvivalHorror/Content/Mannequin/Animations/ThirdPersonJump_Loop.uasset" 234
"../../../SurvivalHorror/Content/Mannequin/Animations/ThirdPersonJump_Start.uasset" 235
"../../../SurvivalHorror/Content/Mannequin/Animations/ThirdPersonIdle.uasset" 236
"../../../SurvivalHorror/Content/Mannequin/Animations/ThirdPersonRun.uasset" 237
"../../../SurvivalHorror/Content/Mannequin/Animations/ThirdPersonWalk.uasset" 238
"../../../SurvivalHorror/Content/Mannequin/Animations/ThirdPerson_IdleRun_2D.uasset" 239
"../../../Engine/Content/EditorBlueprintResources/StandardMacros.uasset" 240
"../../../SurvivalHorror/Content/Mannequin/Animations/ThirdPerson_AnimBP.uasset" 241
"../../../Engine/Content/Functions/MaterialLayerFunctions/MatLayerBlend_NormalBlend.uasset" 242
"../../../Engine/Content/Functions/MaterialLayerFunctions/MatLayerBlend_Simple.uasset" 243
"../../../SurvivalHorror/Content/Mannequin/Character/Materials/MaterialLayers/T_ML_Rubber_Blue_01_D.uasset" 244
"../../../SurvivalHorror/Content/Mannequin/Character/Materials/MaterialLayers/T_ML_Rubber_Blue_01_N.uasset" 245
"../../../SurvivalHorror/Content/Mannequin/Character/Materials/MaterialLayers/ML_GlossyBlack_Latex_UE4.uasset" 246
"../../../SurvivalHorror/Content/Mannequin/Character/Materials/MaterialLayers/ML_Plastic_Shiny_Beige.uasset" 247
"../../../SurvivalHorror/Content/Mannequin/Character/Textures/UE4_LOGO_CARD.uasset" 248
"../../../SurvivalHorror/Content/Mannequin/Character/Materials/MaterialLayers/ML_Plastic_Shiny_Beige_LOGO.uasset" 249
"../../../SurvivalHorror/Content/Mannequin/Character/Materials/MaterialLayers/T_ML_Aluminum01.uasset" 250
"../../../SurvivalHorror/Content/Mannequin/Character/Materials/MaterialLayers/T_ML_Aluminum01_N.uasset" 251
"../../../SurvivalHorror/Content/Mannequin/Character/Materials/MaterialLayers/ML_SoftMetal_UE4.uasset" 252
"../../../SurvivalHorror/Content/Mannequin/Character/Textures/UE4_Mannequin__normals.uasset" 253
"../../../SurvivalHorror/Content/Mannequin/Character/Textures/UE4_Mannequin_MAT_MASKA.uasset" 254
"../../../SurvivalHorror/Content/Mannequin/Character/Materials/M_UE4Man_Body.uasset" 255
"../../../SurvivalHorror/Content/Mannequin/Character/Textures/UE4Man_Logo_N.uasset" 256
"../../../SurvivalHorror/Content/Mannequin/Character/Materials/M_UE4Man_ChestLogo.uasset" 257
"../../../SurvivalHorror/Content/Mannequin/Character/Mesh/SK_Mannequin_PhysicsAsset.uasset" 258
"../../../SurvivalHorror/Content/Mannequin/Character/Mesh/SK_Mannequin.uasset" 259
"../../../SurvivalHorror/Content/ThirdPersonBP/Blueprints/FEASFBI_.uasset" 260
"../../../SurvivalHorror/Content/ThirdPersonBP/Blueprints/HUDAssets/hunger_bar_leichter.uasset" 261
"../../../SurvivalHorror/Content/ThirdPersonBP/Blueprints/HUDAssets/hunger_testtgs.uasset" 262
"../../../SurvivalHorror/Content/ThirdPersonBP/Blueprints/HUDAssets/stamina_bar_leichter.uasset" 263
"../../../SurvivalHorror/Content/ThirdPersonBP/Blueprints/HUDAssets/stamina_bar_normal.uasset" 264
"../../../SurvivalHorror/Content/ThirdPersonBP/Blueprints/SurvivalHUDWidget.uasset" 265
"../../../SurvivalHorror/Content/ThirdPersonBP/Blueprints/ThirdPersonCharacter.uasset" 266
"../../../SurvivalHorror/Content/ThirdPersonBP/Blueprints/ThirdPersonGameMode.uasset" 267
"../../../Engine/Content/EngineSky/C_Sky_Cloud_Color.uasset" 268
"../../../Engine/Content/EngineSky/C_Sky_Horizon_Color.uasset" 269
"../../../Engine/Content/EngineSky/C_Sky_Zenith_Color.uasset" 270
"../../../Engine/Content/EngineSky/T_Sky_Blue.uasset" 271
"../../../Engine/Content/EngineSky/T_Sky_Clouds_M.uasset" 272
"../../../Engine/Content/EngineSky/T_Sky_Stars.uasset" 273
"../../../Engine/Content/EngineSky/M_Sky_Panning_Clouds2.uasset" 274
"../../../Engine/Content/EngineSky/SM_SkySphere.uasset" 275
"../../../Engine/Content/EngineSky/BP_Sky_Sphere.uasset" 276
"../../../SurvivalHorror/Content/StarterContent/Textures/T_MacroVariation.uasset" 277
"../../../SurvivalHorror/Content/StarterContent/Materials/M_Metal_Brushed_Nickel.uasset" 278
"../../../SurvivalHorror/Content/StarterContent/Textures/T_Metal_Aluminum_D.uasset" 279
"../../../SurvivalHorror/Content/StarterContent/Textures/T_Metal_Gold_N.uasset" 280
"../../../SurvivalHorror/Content/StarterContent/Materials/M_Metal_Burnished_Steel.uasset" 281
"../../../SurvivalHorror/Content/StarterContent/Textures/T_Metal_Copper_D.uasset" 282
"../../../SurvivalHorror/Content/StarterContent/Materials/M_Metal_Copper.uasset" 283
"../../../SurvivalHorror/Content/StarterContent/Textures/T_Statue_M.uasset" 284
"../../../SurvivalHorror/Content/StarterContent/Textures/T_Statue_N.uasset" 285
"../../../SurvivalHorror/Content/StarterContent/Props/Materials/M_StatueGlass.uasset" 286
"../../../SurvivalHorror/Content/StarterContent/Architecture/Floor_400x400.uasset" 287
"../../../SurvivalHorror/Content/StarterContent/Audio/Starter_Background_Cue.uasset" 288
"../../../SurvivalHorror/Content/StarterContent/Props/SM_Chair.uasset" 289
"../../../SurvivalHorror/Content/StarterContent/Props/Materials/M_Statue.uasset" 290
"../../../SurvivalHorror/Content/StarterContent/Props/SM_Statue.uasset" 291
"../../../SurvivalHorror/Content/StarterContent/Textures/T_TableRound_M.uasset" 292
"../../../SurvivalHorror/Content/StarterContent/Textures/T_TableRound_N.uasset" 293
"../../../SurvivalHorror/Content/StarterContent/Props/Materials/M_TableRound.uasset" 294
"../../../SurvivalHorror/Content/StarterContent/Props/SM_TableRound.uasset" 295
"../../../SurvivalHorror/Content/StarterContent/Maps/Minimal_Default.umap" 296
"../../../SurvivalHorror/Content/StarterContent/Blueprints/Assets/FogBrightnessLUT.uasset" 297
"../../../SurvivalHorror/Content/StarterContent/Blueprints/Assets/SunlightColorLUT.uasset" 298
"../../../SurvivalHorror/Content/StarterContent/Blueprints/Assets/M_LightStage_Arrows.uasset" 299
"../../../Engine/Content/MapTemplates/Sky/DaylightAmbientCubemap.uasset" 300
"../../../SurvivalHorror/Content/StarterContent/Blueprints/Assets/M_LightStage_Skybox_Master.uasset" 301
"../../../SurvivalHorror/Content/StarterContent/Blueprints/Assets/M_LightStage_Skybox_Black.uasset" 302
"../../../SurvivalHorror/Content/StarterContent/Blueprints/Assets/M_LightStage_Skybox_HDRI.uasset" 303
"../../../Engine/Content/EditorMaterials/Thumbnails/SkySphereMaterial.uasset" 304
"../../../SurvivalHorror/Content/StarterContent/Blueprints/Assets/Skybox.uasset" 305
"../../../SurvivalHorror/Content/StarterContent/Blueprints/Assets/SM_Arrows.uasset" 306
"../../../SurvivalHorror/Content/StarterContent/HDRI/HDRI_Epic_Courtyard_Daylight.uasset" 307
"../../../SurvivalHorror/Content/StarterContent/Blueprints/BP_LightStudio.uasset" 308
"../../../SurvivalHorror/Content/StarterContent/Materials/M_AssetPlatform.uasset" 309
"../../../Engine/Content/EditorMeshes/ColorCalibrator/M_ChromeBall.uasset" 310
"../../../Engine/Content/EditorMeshes/ColorCalibrator/M_ClearCoat.uasset" 311
"../../../Engine/Content/EditorMeshes/ColorCalibrator/M_ClearCoatBlack.uasset" 312
"../../../Engine/Content/EditorMeshes/ColorCalibrator/M_ColorGrid.uasset" 313
"../../../Engine/Content/EditorMeshes/ColorCalibrator/M_GreyBall.uasset" 314
"../../../Engine/Content/EditorMeshes/ColorCalibrator/SM_ColorCalibrator.uasset" 315
"../../../SurvivalHorror/Content/StarterContent/Architecture/SM_AssetPlatform.uasset" 316
"../../../SurvivalHorror/Content/StarterContent/Maps/Advanced_Lighting.umap" 317
"../../../Engine/Content/EngineMaterials/DefaultNormal.uasset" 318
"../../../Engine/Content/Maps/Entry.umap" 319
"../../../SurvivalHorror/Content/Textures/full_pickup_defuse.uasset" 320
"../../../SurvivalHorror/Content/Textures/full_pickup_emmisive.uasset" 321
"../../../SurvivalHorror/Content/Textures/full_pickup_defuse_Mat.uasset" 322
"../../../Engine/Content/BasicShapes/Cube.uasset" 323
"../../../SurvivalHorror/Content/ThirdPersonBP/Blueprints/FullHungerPickup.uasset" 324
"../../../SurvivalHorror/Content/Textures/small_pickup_defuse.uasset" 325
"../../../SurvivalHorror/Content/Textures/small_pickup_emmisive.uasset" 326
"../../../SurvivalHorror/Content/Textures/small_pickup_defuse_Mat.uasset" 327
"../../../SurvivalHorror/Content/ThirdPersonBP/Blueprints/MinorHungerPickup.uasset" 328
"../../../Engine/Content/Functions/Engine_MaterialFunctions03/Procedurals/ComputeFilterWidth.uasset" 329
"../../../Engine/Content/EngineMaterials/AntiAliasedTextMaterialTranslucent.uasset" 330
"../../../SurvivalHorror/Content/Geometry/Meshes/CubeMaterial.uasset" 331
"../../../SurvivalHorror/Content/Geometry/Meshes/1M_Cube.uasset" 332
"../../../SurvivalHorror/Content/Geometry/Meshes/1M_Cube_Chamfer.uasset" 333
"../../../SurvivalHorror/Content/Geometry/Meshes/TemplateFloor.uasset" 334
"../../../SurvivalHorror/Content/ThirdPerson/Meshes/RampMaterial.uasset" 335
"../../../SurvivalHorror/Content/ThirdPerson/Meshes/Bump_StaticMesh.uasset" 336
"../../../SurvivalHorror/Content/ThirdPerson/Meshes/LeftArm_StaticMesh.uasset" 337
"../../../SurvivalHorror/Content/ThirdPerson/Meshes/Linear_Stair_StaticMesh.uasset" 338
"../../../SurvivalHorror/Content/ThirdPerson/Meshes/Ramp_StaticMesh.uasset" 339
"../../../SurvivalHorror/Content/ThirdPerson/Meshes/RightArm_StaticMesh.uasset" 340
"../../../SurvivalHorror/Content/ThirdPersonBP/Maps/ThirdPersonExampleMap.umap" 341
"../../../SurvivalHorror/Content/StarterContent/Audio/Fire01_Cue.uasset" 342
"../../../SurvivalHorror/Content/StarterContent/Textures/T_Fire_SubUV.uasset" 343
"../../../SurvivalHorror/Content/StarterContent/Textures/T_Fire_Tiled_D.uasset" 344
"../../../SurvivalHorror/Content/StarterContent/Particles/Materials/M_Fire_SubUV.uasset" 345
"../../../SurvivalHorror/Content/StarterContent/Textures/T_Water_N.uasset" 346
"../../../SurvivalHorror/Content/StarterContent/Particles/Materials/M_Heat_Distortion.uasset" 347
"../../../SurvivalHorror/Content/StarterContent/Particles/Materials/M_Radial_Gradient.uasset" 348
"../../../SurvivalHorror/Content/StarterContent/Particles/P_Fire.uasset" 349
"../../../SurvivalHorror/Content/StarterContent/Blueprints/Blueprint_Effect_Fire.uasset" 350
"../../../SurvivalHorror/Content/StarterContent/Audio/Smoke01_Cue.uasset" 351
"../../../SurvivalHorror/Content/StarterContent/Particles/P_Smoke.uasset" 352
"../../../SurvivalHorror/Content/StarterContent/Blueprints/Blueprint_Effect_Smoke.uasset" 353
"../../../SurvivalHorror/Content/StarterContent/Audio/Fire_Sparks01_Cue.uasset" 354
"../../../SurvivalHorror/Content/StarterContent/Textures/T_Spark_Core.uasset" 355
"../../../SurvivalHorror/Content/StarterContent/Particles/Materials/M_Spark.uasset" 356
"../../../SurvivalHorror/Content/StarterContent/Particles/P_Sparks.uasset" 357
"../../../SurvivalHorror/Content/StarterContent/Blueprints/Blueprint_Effect_Sparks.uasset" 358
"../../../SurvivalHorror/Content/StarterContent/Audio/Steam01_Cue.uasset" 359
"../../../SurvivalHorror/Content/StarterContent/Particles/P_Steam_Lit.uasset" 360
"../../../SurvivalHorror/Content/StarterContent/Blueprints/Blueprint_Effect_Steam.uasset" 361
"../../../SurvivalHorror/Content/StarterContent/Textures/T_Lamp_M.uasset" 362
"../../../SurvivalHorror/Content/StarterContent/Textures/T_Lamp_N.uasset" 363
"../../../SurvivalHorror/Content/StarterContent/Props/Materials/M_Lamp.uasset" 364
"../../../SurvivalHorror/Content/StarterContent/Props/SM_Lamp_Ceiling.uasset" 365
"../../../SurvivalHorror/Content/StarterContent/Blueprints/Blueprint_CeilingLight.uasset" 366
"../../../SurvivalHorror/Content/StarterContent/Props/SM_Lamp_Wall.uasset" 367
"../../../SurvivalHorror/Content/StarterContent/Blueprints/Blueprint_WallSconce.uasset" 368
"../../../SurvivalHorror/Content/StarterContent/Textures/T_Brick_Clay_Beveled_D.uasset" 369
"../../../SurvivalHorror/Content/StarterContent/Textures/T_Brick_Clay_Beveled_M.uasset" 370
"../../../SurvivalHorror/Content/StarterContent/Textures/T_Brick_Clay_Beveled_N.uasset" 371
"../../../SurvivalHorror/Content/StarterContent/Materials/M_Brick_Clay_Beveled.uasset" 372
"../../../SurvivalHorror/Content/StarterContent/Textures/T_Brick_Clay_New_D.uasset" 373
"../../../SurvivalHorror/Content/StarterContent/Textures/T_Brick_Clay_New_M.uasset" 374
"../../../SurvivalHorror/Content/StarterContent/Textures/T_Brick_Clay_New_N.uasset" 375
"../../../SurvivalHorror/Content/StarterContent/Materials/M_Brick_Clay_New.uasset" 376
"../../../SurvivalHorror/Content/StarterContent/Textures/T_Brick_Clay_Old_D.uasset" 377
"../../../SurvivalHorror/Content/StarterContent/Textures/T_Brick_Clay_Old_N.uasset" 378
"../../../SurvivalHorror/Content/StarterContent/Textures/T_Perlin_Noise_M.uasset" 379
"../../../SurvivalHorror/Content/StarterContent/Materials/M_Brick_Clay_Old.uasset" 380
"../../../SurvivalHorror/Content/StarterContent/Textures/T_Brick_Cut_Stone_D.uasset" 381
"../../../SurvivalHorror/Content/StarterContent/Textures/T_Brick_Cut_Stone_N.uasset" 382
"../../../SurvivalHorror/Content/StarterContent/Materials/M_Brick_Cut_Stone.uasset" 383
"../../../SurvivalHorror/Content/StarterContent/Textures/T_Brick_Hewn_Stone_D.uasset" 384
"../../../SurvivalHorror/Content/StarterContent/Textures/T_Brick_Hewn_Stone_M.uasset" 385
"../../../SurvivalHorror/Content/StarterContent/Textures/T_Brick_Hewn_Stone_N.uasset" 386
"../../../SurvivalHorror/Content/StarterContent/Materials/M_Brick_Hewn_Stone.uasset" 387
"../../../SurvivalHorror/Content/StarterContent/Textures/T_Ceramic_Tile_M.uasset" 388
"../../../SurvivalHorror/Content/StarterContent/Textures/T_Ceramic_Tile_N.uasset" 389
"../../../SurvivalHorror/Content/StarterContent/Textures/T_Rock_Marble_Polished_D.uasset" 390
"../../../SurvivalHorror/Content/StarterContent/Materials/M_Ceramic_Tile_Checker.uasset" 391
"../../../SurvivalHorror/Content/StarterContent/Textures/T_CobbleStone_Pebble_D.uasset" 392
"../../../SurvivalHorror/Content/StarterContent/Textures/T_CobbleStone_Pebble_M.uasset" 393
"../../../SurvivalHorror/Content/StarterContent/Textures/T_CobbleStone_Pebble_N.uasset" 394
"../../../SurvivalHorror/Content/StarterContent/Materials/M_CobbleStone_Pebble.uasset" 395
"../../../SurvivalHorror/Content/StarterContent/Textures/T_CobbleStone_Rough_D.uasset" 396
"../../../SurvivalHorror/Content/StarterContent/Textures/T_CobbleStone_Rough_N.uasset" 397
"../../../SurvivalHorror/Content/StarterContent/Textures/T_Gradinet_01.uasset" 398
"../../../SurvivalHorror/Content/StarterContent/Textures/T_Rock_Smooth_Granite_D.uasset" 399
"../../../SurvivalHorror/Content/StarterContent/Materials/M_CobbleStone_Rough.uasset" 400
"../../../SurvivalHorror/Content/StarterContent/Textures/T_CobbleStone_Smooth_D.uasset" 401
"../../../SurvivalHorror/Content/StarterContent/Textures/T_CobbleStone_Smooth_M.uasset" 402
"../../../SurvivalHorror/Content/StarterContent/Textures/T_CobbleStone_Smooth_N.uasset" 403
"../../../SurvivalHorror/Content/StarterContent/Materials/M_CobbleStone_Smooth.uasset" 404
"../../../SurvivalHorror/Content/StarterContent/Textures/T_Concrete_Grime_D.uasset" 405
"../../../SurvivalHorror/Content/StarterContent/Textures/T_Metal_Rust_N.uasset" 406
"../../../SurvivalHorror/Content/StarterContent/Materials/M_Concrete_Grime.uasset" 407
"../../../SurvivalHorror/Content/StarterContent/Textures/T_Concrete_Panels_D.uasset" 408
"../../../SurvivalHorror/Content/StarterContent/Textures/T_Concrete_Panels_N.uasset" 409
"../../../SurvivalHorror/Content/StarterContent/Materials/M_Concrete_Panels.uasset" 410
"../../../SurvivalHorror/Content/StarterContent/Textures/T_Concrete_Poured_D.uasset" 411
"../../../SurvivalHorror/Content/StarterContent/Textures/T_Concrete_Poured_N.uasset" 412
"../../../SurvivalHorror/Content/StarterContent/Materials/M_Concrete_Poured.uasset" 413
"../../../SurvivalHorror/Content/StarterContent/Textures/T_Concrete_Tiles_D.uasset" 414
"../../../SurvivalHorror/Content/StarterContent/Textures/T_Concrete_Tiles_M.uasset" 415
"../../../SurvivalHorror/Content/StarterContent/Textures/T_Concrete_Tiles_N.uasset" 416
"../../../SurvivalHorror/Content/StarterContent/Textures/T_Concrete_Tiles_Variation_M.uasset" 417
"../../../SurvivalHorror/Content/StarterContent/Materials/M_Concrete_Tiles.uasset" 418
"../../../SurvivalHorror/Content/StarterContent/Textures/T_Ground_Grass_D.uasset" 419
"../../../SurvivalHorror/Content/StarterContent/Textures/T_Ground_Grass_N.uasset" 420
"../../../SurvivalHorror/Content/StarterContent/Materials/M_Ground_Grass.uasset" 421
"../../../SurvivalHorror/Content/StarterContent/Textures/T_Ground_Gravel_D.uasset" 422
"../../../SurvivalHorror/Content/StarterContent/Textures/T_Ground_Gravel_N.uasset" 423
"../../../SurvivalHorror/Content/StarterContent/Materials/M_Ground_Gravel.uasset" 424
"../../../SurvivalHorror/Content/StarterContent/Textures/T_ground_Moss_D.uasset" 425
"../../../SurvivalHorror/Content/StarterContent/Textures/T_Ground_Moss_N.uasset" 426
"../../../SurvivalHorror/Content/StarterContent/Materials/M_Ground_Moss.uasset" 427
"../../../SurvivalHorror/Content/StarterContent/Materials/M_Metal_Chrome.uasset" 428
"../../../SurvivalHorror/Content/StarterContent/Textures/T_Metal_Gold_D.uasset" 429
"../../../SurvivalHorror/Content/StarterContent/Materials/M_Metal_Gold.uasset" 430
"../../../SurvivalHorror/Content/StarterContent/Textures/T_Metal_Rust_D.uasset" 431
"../../../SurvivalHorror/Content/StarterContent/Materials/M_Metal_Rust.uasset" 432
"../../../SurvivalHorror/Content/StarterContent/Textures/T_Metal_Steel_D.uasset" 433
"../../../SurvivalHorror/Content/StarterContent/Textures/T_Metal_Steel_N.uasset" 434
"../../../SurvivalHorror/Content/StarterContent/Materials/M_Metal_Steel.uasset" 435
"../../../SurvivalHorror/Content/StarterContent/Textures/T_Rock_Basalt_N.uasset" 436
"../../../SurvivalHorror/Content/StarterContent/Materials/M_Rock_Basalt.uasset" 437
"../../../SurvivalHorror/Content/StarterContent/Materials/M_Rock_Marble_Polished.uasset" 438
"../../../SurvivalHorror/Content/StarterContent/Textures/T_Rock_Sandstone_D.uasset" 439
"../../../SurvivalHorror/Content/StarterContent/Textures/T_Rock_Sandstone_N.uasset" 440
"../../../SurvivalHorror/Content/StarterContent/Materials/M_Rock_Sandstone.uasset" 441
"../../../SurvivalHorror/Content/StarterContent/Textures/T_Rock_Slate_D.uasset" 442
"../../../SurvivalHorror/Content/StarterContent/Textures/T_Rock_Slate_N.uasset" 443
"../../../SurvivalHorror/Content/StarterContent/Materials/M_Rock_Slate.uasset" 444
"../../../SurvivalHorror/Content/StarterContent/Textures/T_Checker_Noise_M.uasset" 445
"../../../SurvivalHorror/Content/StarterContent/Textures/T_Single_Tile_N.uasset" 446
"../../../SurvivalHorror/Content/StarterContent/Textures/T_Tech_Dot_M.uasset" 447
"../../../SurvivalHorror/Content/StarterContent/Textures/T_Tech_Dot_N.uasset" 448
"../../../SurvivalHorror/Content/StarterContent/Materials/M_Tech_Checker_Dot.uasset" 449
"../../../SurvivalHorror/Content/StarterContent/Textures/T_Tech_Hex_Tile_M.uasset" 450
"../../../SurvivalHorror/Content/StarterContent/Textures/T_Tech_Hex_Tile_N.uasset" 451
"../../../SurvivalHorror/Content/StarterContent/Materials/M_Tech_Hex_Tile.uasset" 452
"../../../SurvivalHorror/Content/StarterContent/Materials/M_Tech_Hex_Tile_Pulse.uasset" 453
"../../../SurvivalHorror/Content/StarterContent/Textures/T_Tech_Panel_M.uasset" 454
"../../../SurvivalHorror/Content/StarterContent/Textures/T_Tech_Panel_N.uasset" 455
"../../../SurvivalHorror/Content/StarterContent/Materials/M_Tech_Panel.uasset" 456
"../../../SurvivalHorror/Content/StarterContent/Materials/M_Water_Lake.uasset" 457
"../../../SurvivalHorror/Content/StarterContent/Textures/T_Water_M.uasset" 458
"../../../SurvivalHorror/Content/StarterContent/Materials/M_Water_Ocean.uasset" 459
"../../../SurvivalHorror/Content/StarterContent/Textures/T_Wood_Floor_Walnut_D.uasset" 460
"../../../SurvivalHorror/Content/StarterContent/Textures/T_Wood_Floor_Walnut_M.uasset" 461
"../../../SurvivalHorror/Content/StarterContent/Textures/T_Wood_Floor_Walnut_N.uasset" 462
"../../../SurvivalHorror/Content/StarterContent/Materials/M_Wood_Floor_Walnut_Polished.uasset" 463
"../../../Engine/Content/Functions/Engine_MaterialFunctions01/Opacity/AlphaOffset.uasset" 464
"../../../SurvivalHorror/Content/StarterContent/Materials/M_Wood_Floor_Walnut_Worn.uasset" 465
"../../../SurvivalHorror/Content/StarterContent/Textures/T_Wood_Oak_D.uasset" 466
"../../../SurvivalHorror/Content/StarterContent/Textures/T_Wood_Oak_N.uasset" 467
"../../../SurvivalHorror/Content/StarterContent/Materials/M_Wood_Oak.uasset" 468
"../../../SurvivalHorror/Content/StarterContent/Textures/T_Wood_Pine_D.uasset" 469
"../../../SurvivalHorror/Content/StarterContent/Textures/T_Wood_Pine_N.uasset" 470
"../../../SurvivalHorror/Content/StarterContent/Materials/M_Wood_Pine.uasset" 471
"../../../SurvivalHorror/Content/StarterContent/Textures/T_Wood_Walnut_D.uasset" 472
"../../../SurvivalHorror/Content/StarterContent/Textures/T_Wood_Walnut_N.uasset" 473
"../../../SurvivalHorror/Content/StarterContent/Materials/M_Wood_Walnut.uasset" 474
"../../../SurvivalHorror/Content/StarterContent/Architecture/Wall_400x200.uasset" 475
"../../../SurvivalHorror/Content/StarterContent/Architecture/Wall_Door_400x300.uasset" 476
"../../../SurvivalHorror/Content/StarterContent/Architecture/Wall_Window_400x300.uasset" 477
"../../../SurvivalHorror/Content/StarterContent/Audio/Collapse_Cue.uasset" 478
"../../../SurvivalHorror/Content/StarterContent/Audio/Starter_Music_Cue.uasset" 479
"../../../SurvivalHorror/Content/StarterContent/Textures/T_Dust_Particle_D.uasset" 480
"../../../SurvivalHorror/Content/StarterContent/Particles/Materials/M_Dust_Particle.uasset" 481
"../../../SurvivalHorror/Content/StarterContent/Particles/P_Ambient_Dust.uasset" 482
"../../../SurvivalHorror/Content/StarterContent/Props/MaterialSphere.uasset" 483
"../../../SurvivalHorror/Content/StarterContent/Textures/T_Frame_M.uasset" 484
"../../../SurvivalHorror/Content/StarterContent/Textures/T_Frame_N.uasset" 485
"../../../SurvivalHorror/Content/StarterContent/Props/Materials/M_Frame.uasset" 486
"../../../SurvivalHorror/Content/StarterContent/Props/SM_CornerFrame.uasset" 487
"../../../SurvivalHorror/Content/StarterContent/Props/SM_DoorFrame.uasset" 488
"../../../SurvivalHorror/Content/StarterContent/Props/SM_GlassWindow.uasset" 489
"../../../SurvivalHorror/Content/StarterContent/Props/SM_PillarFrame.uasset" 490
"../../../SurvivalHorror/Content/StarterContent/Props/SM_PillarFrame300.uasset" 491
"../../../SurvivalHorror/Content/StarterContent/Props/SM_WindowFrame.uasset" 492
"../../../SurvivalHorror/Content/StarterContent/Shapes/Shape_Cube.uasset" 493
"../../../SurvivalHorror/Content/StarterContent/Shapes/Shape_QuadPyramid.uasset" 494
"../../../SurvivalHorror/Content/StarterContent/Shapes/Shape_Sphere.uasset" 495
"../../../SurvivalHorror/Content/StarterContent/Maps/StarterMap.umap" 496
